<?xml version="1.0" encoding="UTF-8"?>
<testng-results ignored="0" total="1" passed="1" failed="0" skipped="0">
  <reporter-output>
    <line>
      <![CDATA[open browser]]>
    </line>
    <line>
      <![CDATA[login]]>
    </line>
    <line>
      <![CDATA[createCustomer]]>
    </line>
    <line>
      <![CDATA[logout]]>
    </line>
    <line>
      <![CDATA[close browser]]>
    </line>
  </reporter-output>
  <suite started-at="2023-07-25T16:47:47 IST" name="Default suite" finished-at="2023-07-25T16:48:23 IST" duration-ms="35323">
    <groups>
    </groups>
    <test started-at="2023-07-25T16:47:47 IST" name="Default test" finished-at="2023-07-25T16:48:23 IST" duration-ms="35323">
      <class name="com.actitime.testscript.CustomerModule">
        <test-method is-config="true" signature="openBrowser()[pri:0, instance:com.actitime.testscript.CustomerModule@62ddbd7e]" started-at="2023-07-25T16:47:47 IST" name="openBrowser" finished-at="2023-07-25T16:47:51 IST" duration-ms="3443" status="PASS">
          <reporter-output>
            <line>
              <![CDATA[open browser]]>
            </line>
          </reporter-output>
        </test-method> <!-- openBrowser -->
        <test-method is-config="true" signature="login()[pri:0, instance:com.actitime.testscript.CustomerModule@62ddbd7e]" started-at="2023-07-25T16:47:51 IST" name="login" finished-at="2023-07-25T16:48:00 IST" duration-ms="9561" status="PASS">
          <reporter-output>
            <line>
              <![CDATA[login]]>
            </line>
          </reporter-output>
        </test-method> <!-- login -->
        <test-method signature="testCreateCustomer()[pri:0, instance:com.actitime.testscript.CustomerModule@62ddbd7e]" started-at="2023-07-25T16:48:00 IST" name="testCreateCustomer" finished-at="2023-07-25T16:48:20 IST" duration-ms="19167" status="PASS">
          <reporter-output>
            <line>
              <![CDATA[createCustomer]]>
            </line>
          </reporter-output>
        </test-method> <!-- testCreateCustomer -->
        <test-method is-config="true" signature="logout()[pri:0, instance:com.actitime.testscript.CustomerModule@62ddbd7e]" started-at="2023-07-25T16:48:20 IST" name="logout" finished-at="2023-07-25T16:48:22 IST" duration-ms="2711" status="PASS">
          <reporter-output>
            <line>
              <![CDATA[logout]]>
            </line>
          </reporter-output>
        </test-method> <!-- logout -->
        <test-method is-config="true" signature="closeBrowser()[pri:0, instance:com.actitime.testscript.CustomerModule@62ddbd7e]" started-at="2023-07-25T16:48:22 IST" name="closeBrowser" finished-at="2023-07-25T16:48:23 IST" duration-ms="395" status="PASS">
          <reporter-output>
            <line>
              <![CDATA[close browser]]>
            </line>
          </reporter-output>
        </test-method> <!-- closeBrowser -->
      </class> <!-- com.actitime.testscript.CustomerModule -->
    </test> <!-- Default test -->
  </suite> <!-- Default suite -->
</testng-results>
